<html>
<head>
<title>TestNG:  Default test</title>
<link href="../testng.css" rel="stylesheet" type="text/css" />
<link href="../my-testng.css" rel="stylesheet" type="text/css" />

<style type="text/css">
.log { display: none;} 
.stack-trace { display: none;} 
</style>
<script type="text/javascript">
<!--
function flip(e) {
  current = e.style.display;
  if (current == 'block') {
    e.style.display = 'none';
    return 0;
  }
  else {
    e.style.display = 'block';
    return 1;
  }
}

function toggleBox(szDivId, elem, msg1, msg2)
{
  var res = -1;  if (document.getElementById) {
    res = flip(document.getElementById(szDivId));
  }
  else if (document.all) {
    // this is the way old msie versions work
    res = flip(document.all[szDivId]);
  }
  if(elem) {
    if(res == 0) elem.innerHTML = msg1; else elem.innerHTML = msg2;
  }

}

function toggleAllBoxes() {
  if (document.getElementsByTagName) {
    d = document.getElementsByTagName('div');
    for (i = 0; i < d.length; i++) {
      if (d[i].className == 'log') {
        flip(d[i]);
      }
    }
  }
}

// -->
</script>

</head>
<body>
<h2 align='center'>Default test</h2><table border='1' align="center">
<tr>
<td>Tests passed/Failed/Skipped:</td><td>0/0/15</td>
</tr><tr>
<td>Started on:</td><td>Mon Jun 18 12:35:08 IST 2018</td>
</tr>
<tr><td>Total time:</td><td>2 seconds (2820 ms)</td>
</tr><tr>
<td>Included groups:</td><td></td>
</tr><tr>
<td>Excluded groups:</td><td></td>
</tr>
</table><p/>
<small><i>(Hover the method name to see the test class name)</i></small><p/>
<table width='100%' border='1' class='invocation-failed'>
<tr><td colspan='4' align='center'><b>FAILED CONFIGURATIONS</b></td></tr>
<tr><td><b>Test method</b></td>
<td width="30%"><b>Exception</b></td>
<td width="10%"><b>Time (seconds)</b></td>
<td><b>Instance</b></td>
</tr>
<tr>
<td title='testCases.validatefunctionality.initiateDriverInstance()'><b>initiateDriverInstance</b><br>Test class: testCases.validatefunctionality</td>
<td><div><pre>org.openqa.selenium.WebDriverException: unknown error: failed to write prefs file
  (Driver info: chromedriver=2.37.544315 (730aa6a5fdba159ac9f4c1e8cbc59bf1b5ce12b7),platform=Windows NT 10.0.15063 x86_64) (WARNING: The server did not provide any stacktrace information)
Command duration or timeout: 122 milliseconds
Build info: version: &apos;3.11.0&apos;, revision: &apos;e59cfb3&apos;, time: &apos;2018-03-11T20:26:55.152Z&apos;
System info: host: &apos;DESKTOP-HS19KJN&apos;, ip: &apos;192.168.43.116&apos;, os.name: &apos;Windows 10&apos;, os.arch: &apos;amd64&apos;, os.version: &apos;10.0&apos;, java.version: &apos;1.8.0_171&apos;
Driver info: driver.version: baseDriver
	at sun.reflect.NativeConstructorAccessorImpl.newInstance0(Native Method)
	at sun.reflect.NativeConstructorAccessorImpl.newInstance(Unknown Source)
	at sun.reflect.DelegatingConstructorAccessorImpl.newInstance(Unknown Source)
	at java.lang.reflect.Constructor.newInstance(Unknown Source)
	at org.openqa.selenium.remote.ErrorHandler.createThrowable(ErrorHandler.java:214)
	at org.openqa.selenium.remote.ErrorHandler.throwIfResponseFailed(ErrorHandler.java:166)
	at org.openqa.selenium.remote.JsonWireProtocolResponse.lambda$new$0(JsonWireProtocolResponse.java:53)
	at org.openqa.selenium.remote.JsonWireProtocolResponse.lambda$getResponseFunction$2(JsonWireProtocolResponse.java:91)
	at org.openqa.selenium.remote.ProtocolHandshake.lambda$createSession$0(ProtocolHandshake.java:123)
	at java.util.stream.ReferencePipeline$3$1.accept(Unknown Source)
	at java.util.Spliterators$ArraySpliterator.tryAdvance(Unknown Source)
	at java.util.stream.ReferencePipeline.forEachWithCancel(Unknown Source)
	at java.util.stream.AbstractPipeline.copyIntoWithCancel(Unknown Source)
	at java.util.stream.AbstractPipeline.copyInto(Unknown Source)
	at java.util.stream.AbstractPipeline.wrapAndCopyInto(Unknown Source)
	at java.util.stream.FindOps$FindOp.evaluateSequential(Unknown Source)
	at java.util.stream.AbstractPipeline.evaluate(Unknown Source)
	at java.util.stream.ReferencePipeline.findFirst(Unknown Source)
	at org.openqa.selenium.remote.ProtocolHandshake.createSession(ProtocolHandshake.java:126)
	at org.openqa.selenium.remote.ProtocolHandshake.createSession(ProtocolHandshake.java:73)
	at org.openqa.selenium.remote.HttpCommandExecutor.execute(HttpCommandExecutor.java:136)
	at org.openqa.selenium.remote.service.DriverCommandExecutor.execute(DriverCommandExecutor.java:83)
	at org.openqa.selenium.remote.RemoteWebDriver.execute(RemoteWebDriver.java:545)
	at org.openqa.selenium.remote.RemoteWebDriver.startSession(RemoteWebDriver.java:209)
	at org.openqa.selenium.remote.RemoteWebDriver.&lt;init&gt;(RemoteWebDriver.java:132)
	at org.openqa.selenium.chrome.ChromeDriver.&lt;init&gt;(ChromeDriver.java:181)
	at org.openqa.selenium.chrome.ChromeDriver.&lt;init&gt;(ChromeDriver.java:168)
	at org.openqa.selenium.chrome.ChromeDriver.&lt;init&gt;(ChromeDriver.java:123)
	at driverInstance.baseDriver.initiateDriverInstance(baseDriver.java:23)
	at sun.reflect.NativeMethodAccessorImpl.invoke0(Native Method)
	at sun.reflect.NativeMethodAccessorImpl.invoke(Unknown Source)
	at sun.reflect.DelegatingMethodAccessorImpl.invoke(Unknown Source)
	at java.lang.reflect.Method.invoke(Unknown Source)
	at org.testng.internal.MethodInvocationHelper.invokeMethod(MethodInvocationHelper.java:84)
	at org.testng.internal.Invoker.invokeConfigurationMethod(Invoker.java:564)
	at org.testng.internal.Invoker.invokeConfigurations(Invoker.java:213)
	at org.testng.internal.Invoker.invokeMethod(Invoker.java:653)
	at org.testng.internal.Invoker.invokeTestMethod(Invoker.java:901)
	at org.testng.internal.Invoker.invokeTestMethods(Invoker.java:1231)
	at org.testng.internal.TestMethodWorker.invokeTestMethods(TestMethodWorker.java:127)
	at org.testng.internal.TestMethodWorker.run(TestMethodWorker.java:111)
	at org.testng.TestRunner.privateRun(TestRunner.java:767)
	at org.testng.TestRunner.run(TestRunner.java:617)
	at org.testng.SuiteRunner.runTest(SuiteRunner.java:334)
	at org.testng.SuiteRunner.runSequentially(SuiteRunner.java:329)
	at org.testng.SuiteRunner.privateRun(SuiteRunner.java:291)
	at org.testng.SuiteRunner.run(SuiteRunner.java:240)
	at org.testng.SuiteRunnerWorker.runSuite(SuiteRunnerWorker.java:52)
	at org.testng.SuiteRunnerWorker.run(SuiteRunnerWorker.java:86)
	at org.testng.TestNG.runSuitesSequentially(TestNG.java:1224)
	at org.testng.TestNG.runSuitesLocally(TestNG.java:1149)
	at org.testng.TestNG.run(TestNG.java:1057)
	at org.testng.remote.AbstractRemoteTestNG.run(AbstractRemoteTestNG.java:114)
	at org.testng.remote.RemoteTestNG.initAndRun(RemoteTestNG.java:251)
	at org.testng.remote.RemoteTestNG.main(RemoteTestNG.java:77)
</pre></div><a href='#' onClick='toggleBox("stack-trace305502850", this, "Click to show all stack frames", "Click to hide stack frames")'>Click to show all stack frames</a>
<div class='stack-trace' id='stack-trace305502850'><pre>org.openqa.selenium.WebDriverException: unknown error: failed to write prefs file
  (Driver info: chromedriver=2.37.544315 (730aa6a5fdba159ac9f4c1e8cbc59bf1b5ce12b7),platform=Windows NT 10.0.15063 x86_64) (WARNING: The server did not provide any stacktrace information)
Command duration or timeout: 122 milliseconds
Build info: version: &apos;3.11.0&apos;, revision: &apos;e59cfb3&apos;, time: &apos;2018-03-11T20:26:55.152Z&apos;
System info: host: &apos;DESKTOP-HS19KJN&apos;, ip: &apos;192.168.43.116&apos;, os.name: &apos;Windows 10&apos;, os.arch: &apos;amd64&apos;, os.version: &apos;10.0&apos;, java.version: &apos;1.8.0_171&apos;
Driver info: driver.version: baseDriver
	at sun.reflect.NativeConstructorAccessorImpl.newInstance0(Native Method)
	at sun.reflect.NativeConstructorAccessorImpl.newInstance(Unknown Source)
	at sun.reflect.DelegatingConstructorAccessorImpl.newInstance(Unknown Source)
	at java.lang.reflect.Constructor.newInstance(Unknown Source)
	at org.openqa.selenium.remote.ErrorHandler.createThrowable(ErrorHandler.java:214)
	at org.openqa.selenium.remote.ErrorHandler.throwIfResponseFailed(ErrorHandler.java:166)
	at org.openqa.selenium.remote.JsonWireProtocolResponse.lambda$new$0(JsonWireProtocolResponse.java:53)
	at org.openqa.selenium.remote.JsonWireProtocolResponse.lambda$getResponseFunction$2(JsonWireProtocolResponse.java:91)
	at org.openqa.selenium.remote.ProtocolHandshake.lambda$createSession$0(ProtocolHandshake.java:123)
	at java.util.stream.ReferencePipeline$3$1.accept(Unknown Source)
	at java.util.Spliterators$ArraySpliterator.tryAdvance(Unknown Source)
	at java.util.stream.ReferencePipeline.forEachWithCancel(Unknown Source)
	at java.util.stream.AbstractPipeline.copyIntoWithCancel(Unknown Source)
	at java.util.stream.AbstractPipeline.copyInto(Unknown Source)
	at java.util.stream.AbstractPipeline.wrapAndCopyInto(Unknown Source)
	at java.util.stream.FindOps$FindOp.evaluateSequential(Unknown Source)
	at java.util.stream.AbstractPipeline.evaluate(Unknown Source)
	at java.util.stream.ReferencePipeline.findFirst(Unknown Source)
	at org.openqa.selenium.remote.ProtocolHandshake.createSession(ProtocolHandshake.java:126)
	at org.openqa.selenium.remote.ProtocolHandshake.createSession(ProtocolHandshake.java:73)
	at org.openqa.selenium.remote.HttpCommandExecutor.execute(HttpCommandExecutor.java:136)
	at org.openqa.selenium.remote.service.DriverCommandExecutor.execute(DriverCommandExecutor.java:83)
	at org.openqa.selenium.remote.RemoteWebDriver.execute(RemoteWebDriver.java:545)
	at org.openqa.selenium.remote.RemoteWebDriver.startSession(RemoteWebDriver.java:209)
	at org.openqa.selenium.remote.RemoteWebDriver.&lt;init&gt;(RemoteWebDriver.java:132)
	at org.openqa.selenium.chrome.ChromeDriver.&lt;init&gt;(ChromeDriver.java:181)
	at org.openqa.selenium.chrome.ChromeDriver.&lt;init&gt;(ChromeDriver.java:168)
	at org.openqa.selenium.chrome.ChromeDriver.&lt;init&gt;(ChromeDriver.java:123)
	at driverInstance.baseDriver.initiateDriverInstance(baseDriver.java:23)
	at sun.reflect.NativeMethodAccessorImpl.invoke0(Native Method)
	at sun.reflect.NativeMethodAccessorImpl.invoke(Unknown Source)
	at sun.reflect.DelegatingMethodAccessorImpl.invoke(Unknown Source)
	at java.lang.reflect.Method.invoke(Unknown Source)
	at org.testng.internal.MethodInvocationHelper.invokeMethod(MethodInvocationHelper.java:84)
	at org.testng.internal.Invoker.invokeConfigurationMethod(Invoker.java:564)
	at org.testng.internal.Invoker.invokeConfigurations(Invoker.java:213)
	at org.testng.internal.Invoker.invokeMethod(Invoker.java:653)
	at org.testng.internal.Invoker.invokeTestMethod(Invoker.java:901)
	at org.testng.internal.Invoker.invokeTestMethods(Invoker.java:1231)
	at org.testng.internal.TestMethodWorker.invokeTestMethods(TestMethodWorker.java:127)
	at org.testng.internal.TestMethodWorker.run(TestMethodWorker.java:111)
	at org.testng.TestRunner.privateRun(TestRunner.java:767)
	at org.testng.TestRunner.run(TestRunner.java:617)
	at org.testng.SuiteRunner.runTest(SuiteRunner.java:334)
	at org.testng.SuiteRunner.runSequentially(SuiteRunner.java:329)
	at org.testng.SuiteRunner.privateRun(SuiteRunner.java:291)
	at org.testng.SuiteRunner.run(SuiteRunner.java:240)
	at org.testng.SuiteRunnerWorker.runSuite(SuiteRunnerWorker.java:52)
	at org.testng.SuiteRunnerWorker.run(SuiteRunnerWorker.java:86)
	at org.testng.TestNG.runSuitesSequentially(TestNG.java:1224)
	at org.testng.TestNG.runSuitesLocally(TestNG.java:1149)
	at org.testng.TestNG.run(TestNG.java:1057)
	at org.testng.remote.AbstractRemoteTestNG.run(AbstractRemoteTestNG.java:114)
	at org.testng.remote.RemoteTestNG.initAndRun(RemoteTestNG.java:251)
	at org.testng.remote.RemoteTestNG.main(RemoteTestNG.java:77)
</pre></div></td>
<td>0</td>
<td>testCases.validatefunctionality@1d057a39</td></tr>
</table><p>
<table width='100%' border='1' class='invocation-skipped'>
<tr><td colspan='4' align='center'><b>SKIPPED CONFIGURATIONS</b></td></tr>
<tr><td><b>Test method</b></td>
<td width="30%"><b>Exception</b></td>
<td width="10%"><b>Time (seconds)</b></td>
<td><b>Instance</b></td>
</tr>
<tr>
<td title='testCases.validatefunctionality.initiateDriverInstance()'><b>initiateDriverInstance</b><br>Test class: testCases.validatefunctionality</td>
<td></td>
<td>0</td>
<td>testCases.validatefunctionality@1d057a39</td></tr>
<tr>
<td title='testCases.validatefunctionality.initiateDriverInstance()'><b>initiateDriverInstance</b><br>Test class: testCases.validatefunctionality</td>
<td></td>
<td>0</td>
<td>testCases.validatefunctionality@1d057a39</td></tr>
<tr>
<td title='testCases.validatefunctionality.initiateDriverInstance()'><b>initiateDriverInstance</b><br>Test class: testCases.validatefunctionality</td>
<td></td>
<td>0</td>
<td>testCases.validatefunctionality@1d057a39</td></tr>
<tr>
<td title='testCases.validatefunctionality.initiateDriverInstance()'><b>initiateDriverInstance</b><br>Test class: testCases.validatefunctionality</td>
<td></td>
<td>0</td>
<td>testCases.validatefunctionality@1d057a39</td></tr>
<tr>
<td title='testCases.validatefunctionality.initiateDriverInstance()'><b>initiateDriverInstance</b><br>Test class: testCases.validatefunctionality</td>
<td></td>
<td>0</td>
<td>testCases.validatefunctionality@1d057a39</td></tr>
<tr>
<td title='testCases.validatefunctionality.initiateDriverInstance()'><b>initiateDriverInstance</b><br>Test class: testCases.validatefunctionality</td>
<td></td>
<td>0</td>
<td>testCases.validatefunctionality@1d057a39</td></tr>
<tr>
<td title='testCases.validatefunctionality.initiateDriverInstance()'><b>initiateDriverInstance</b><br>Test class: testCases.validatefunctionality</td>
<td></td>
<td>0</td>
<td>testCases.validatefunctionality@1d057a39</td></tr>
<tr>
<td title='testCases.validatefunctionality.initiateDriverInstance()'><b>initiateDriverInstance</b><br>Test class: testCases.validatefunctionality</td>
<td></td>
<td>0</td>
<td>testCases.validatefunctionality@1d057a39</td></tr>
<tr>
<td title='testCases.validatefunctionality.initiateDriverInstance()'><b>initiateDriverInstance</b><br>Test class: testCases.validatefunctionality</td>
<td></td>
<td>0</td>
<td>testCases.validatefunctionality@1d057a39</td></tr>
<tr>
<td title='testCases.validatefunctionality.initiateDriverInstance()'><b>initiateDriverInstance</b><br>Test class: testCases.validatefunctionality</td>
<td></td>
<td>0</td>
<td>testCases.validatefunctionality@1d057a39</td></tr>
<tr>
<td title='testCases.validatefunctionality.initiateDriverInstance()'><b>initiateDriverInstance</b><br>Test class: testCases.validatefunctionality</td>
<td></td>
<td>0</td>
<td>testCases.validatefunctionality@1d057a39</td></tr>
<tr>
<td title='testCases.validatefunctionality.initiateDriverInstance()'><b>initiateDriverInstance</b><br>Test class: testCases.validatefunctionality</td>
<td></td>
<td>0</td>
<td>testCases.validatefunctionality@1d057a39</td></tr>
<tr>
<td title='testCases.validatefunctionality.initiateDriverInstance()'><b>initiateDriverInstance</b><br>Test class: testCases.validatefunctionality</td>
<td></td>
<td>0</td>
<td>testCases.validatefunctionality@1d057a39</td></tr>
<tr>
<td title='testCases.validatefunctionality.initiateDriverInstance()'><b>initiateDriverInstance</b><br>Test class: testCases.validatefunctionality</td>
<td></td>
<td>0</td>
<td>testCases.validatefunctionality@1d057a39</td></tr>
<tr>
<td title='testCases.validatefunctionality.TearDown()'><b>TearDown</b><br>Test class: testCases.validatefunctionality</td>
<td></td>
<td>0</td>
<td>null</td></tr>
</table><p>
<table width='100%' border='1' class='invocation-skipped'>
<tr><td colspan='4' align='center'><b>SKIPPED TESTS</b></td></tr>
<tr><td><b>Test method</b></td>
<td width="30%"><b>Exception</b></td>
<td width="10%"><b>Time (seconds)</b></td>
<td><b>Instance</b></td>
</tr>
<tr>
<td title='testCases.validatefunctionality.loginfunc()'><b>loginfunc</b><br>Test class: testCases.validatefunctionality<br>Parameters: Username1, Password1</td>
<td></td>
<td>0</td>
<td>testCases.validatefunctionality@1d057a39</td></tr>
<tr>
<td title='testCases.validatefunctionality.loginfunc()'><b>loginfunc</b><br>Test class: testCases.validatefunctionality<br>Parameters: Username2, Password2</td>
<td></td>
<td>0</td>
<td>testCases.validatefunctionality@1d057a39</td></tr>
<tr>
<td title='testCases.validatefunctionality.loginfunc()'><b>loginfunc</b><br>Test class: testCases.validatefunctionality<br>Parameters: Username3, Password3</td>
<td></td>
<td>0</td>
<td>testCases.validatefunctionality@1d057a39</td></tr>
<tr>
<td title='testCases.validatefunctionality.loginfunc()'><b>loginfunc</b><br>Test class: testCases.validatefunctionality<br>Parameters: Username4, Password4</td>
<td></td>
<td>0</td>
<td>testCases.validatefunctionality@1d057a39</td></tr>
<tr>
<td title='testCases.validatefunctionality.loginfunc()'><b>loginfunc</b><br>Test class: testCases.validatefunctionality<br>Parameters: Username5, Password5</td>
<td></td>
<td>0</td>
<td>testCases.validatefunctionality@1d057a39</td></tr>
<tr>
<td title='testCases.validatefunctionality.loginfunc()'><b>loginfunc</b><br>Test class: testCases.validatefunctionality<br>Parameters: Username6, Password6</td>
<td></td>
<td>0</td>
<td>testCases.validatefunctionality@1d057a39</td></tr>
<tr>
<td title='testCases.validatefunctionality.loginfunc()'><b>loginfunc</b><br>Test class: testCases.validatefunctionality<br>Parameters: Username7, Password7</td>
<td></td>
<td>0</td>
<td>testCases.validatefunctionality@1d057a39</td></tr>
<tr>
<td title='testCases.validatefunctionality.loginfunc()'><b>loginfunc</b><br>Test class: testCases.validatefunctionality<br>Parameters: Username8, Password8</td>
<td></td>
<td>0</td>
<td>testCases.validatefunctionality@1d057a39</td></tr>
<tr>
<td title='testCases.validatefunctionality.loginfunc()'><b>loginfunc</b><br>Test class: testCases.validatefunctionality<br>Parameters: Username9, Password9</td>
<td></td>
<td>0</td>
<td>testCases.validatefunctionality@1d057a39</td></tr>
<tr>
<td title='testCases.validatefunctionality.loginfunc()'><b>loginfunc</b><br>Test class: testCases.validatefunctionality<br>Parameters: Username10, Password10</td>
<td></td>
<td>0</td>
<td>testCases.validatefunctionality@1d057a39</td></tr>
<tr>
<td title='testCases.validatefunctionality.loginfunc()'><b>loginfunc</b><br>Test class: testCases.validatefunctionality<br>Parameters: Username11, Password11</td>
<td></td>
<td>0</td>
<td>testCases.validatefunctionality@1d057a39</td></tr>
<tr>
<td title='testCases.validatefunctionality.loginfunc()'><b>loginfunc</b><br>Test class: testCases.validatefunctionality<br>Parameters: Username12, Password12</td>
<td></td>
<td>0</td>
<td>testCases.validatefunctionality@1d057a39</td></tr>
<tr>
<td title='testCases.validatefunctionality.loginfunc()'><b>loginfunc</b><br>Test class: testCases.validatefunctionality<br>Parameters: Username13, Password13</td>
<td></td>
<td>0</td>
<td>testCases.validatefunctionality@1d057a39</td></tr>
<tr>
<td title='testCases.validatefunctionality.loginfunc()'><b>loginfunc</b><br>Test class: testCases.validatefunctionality<br>Parameters: Username14, Password14</td>
<td></td>
<td>0</td>
<td>testCases.validatefunctionality@1d057a39</td></tr>
<tr>
<td title='testCases.validatefunctionality.loginfunc()'><b>loginfunc</b><br>Test class: testCases.validatefunctionality<br>Parameters: Username15, Password15</td>
<td></td>
<td>0</td>
<td>testCases.validatefunctionality@1d057a39</td></tr>
</table><p>
</body>
</html>